[NotebookApp | WARNING] No nbgrader_config.py file found (rerun with --debug to see where nbgrader is looking)
[NotebookApp | INFO] Loading the validate_assignment nbgrader serverextension
[NotebookApp | INFO] Serving notebooks from local directory: /Users/allat/Documents/github/py-dat19
[NotebookApp | INFO] 0 active kernels
[NotebookApp | INFO] The Jupyter Notebook is running at:
[NotebookApp | INFO] http://localhost:8888/?token=e947462289c1e23d3b876db19143d9ada4ecd3cba7c1385d
[NotebookApp | INFO] Use Control-C to stop this server and shut down all kernels (twice to skip confirmation).
[NotebookApp | CRITICAL] 
    
    Copy/paste this URL into your browser when you connect for the first time,
    to login with a token:
        http://localhost:8888/?token=e947462289c1e23d3b876db19143d9ada4ecd3cba7c1385d&token=e947462289c1e23d3b876db19143d9ada4ecd3cba7c1385d
[NotebookApp | INFO] Accepting one-time-token-authenticated connection from ::1
[NotebookApp | WARNING] 400 GET /api/contents/07-02/practice1-solutions.ipynb?type=notebook&_=1549813757914 (::1): Unreadable Notebook: /Users/allat/Documents/github/py-dat19/07-02/practice1-solutions.ipynb NotJSONError('Notebook does not appear to be JSON: \'{\\n "cells": [\\n  {\\n   "cell_type": "m...',)
[NotebookApp | WARNING] Unreadable Notebook: /Users/allat/Documents/github/py-dat19/07-02/practice1-solutions.ipynb NotJSONError('Notebook does not appear to be JSON: \'{\\n "cells": [\\n  {\\n   "cell_type": "m...',)
[NotebookApp | WARNING] 400 GET /api/contents/07-02/practice1-solutions.ipynb?type=notebook&_=1549813757914 (::1) 3.07ms referer=http://localhost:8888/notebooks/07-02/practice1-solutions.ipynb
[NotebookApp | INFO] Kernel started: db505872-7bb4-4432-b2d6-1155f8569dd5
[NotebookApp | INFO] Adapting to protocol v5.1 for kernel db505872-7bb4-4432-b2d6-1155f8569dd5
[NotebookApp | INFO] Saving file at /07-02/practice1-solutions.ipynb
[NotebookApp | INFO] Saving file at /07-02/practice1-solutions.ipynb
[NotebookApp | INFO] Starting buffering for db505872-7bb4-4432-b2d6-1155f8569dd5:b64d0f9dc7f240879781712e779095e5
[NotebookApp | INFO] Kernel restarted: db505872-7bb4-4432-b2d6-1155f8569dd5
[NotebookApp | INFO] Adapting to protocol v5.1 for kernel db505872-7bb4-4432-b2d6-1155f8569dd5
[NotebookApp | INFO] Restoring connection for db505872-7bb4-4432-b2d6-1155f8569dd5:b64d0f9dc7f240879781712e779095e5
[NotebookApp | INFO] Replaying 6 buffered messages
[NotebookApp | INFO] Saving file at /07-02/practice1-solutions.ipynb
[NotebookApp | INFO] Starting buffering for db505872-7bb4-4432-b2d6-1155f8569dd5:b64d0f9dc7f240879781712e779095e5
