[NotebookApp | WARNING] No nbgrader_config.py file found (rerun with --debug to see where nbgrader is looking)
[NotebookApp | INFO] Loading the validate_assignment nbgrader serverextension
[NotebookApp | INFO] Serving notebooks from local directory: /Users/allat/Documents/github/py-dat19/21-03
[NotebookApp | INFO] 0 active kernels
[NotebookApp | INFO] The Jupyter Notebook is running at:
[NotebookApp | INFO] http://localhost:8889/?token=80f31610c640173bb5676c5bbe4923d49f28df7ec01ceefd
[NotebookApp | INFO] Use Control-C to stop this server and shut down all kernels (twice to skip confirmation).
[NotebookApp | CRITICAL] 
    
    Copy/paste this URL into your browser when you connect for the first time,
    to login with a token:
        http://localhost:8889/?token=80f31610c640173bb5676c5bbe4923d49f28df7ec01ceefd&token=80f31610c640173bb5676c5bbe4923d49f28df7ec01ceefd
[NotebookApp | INFO] Accepting one-time-token-authenticated connection from ::1
[NotebookApp | INFO] Kernel started: eb904fc9-6e59-445c-8a07-b1fc6d6c0032
[NotebookApp | INFO] Adapting to protocol v5.1 for kernel eb904fc9-6e59-445c-8a07-b1fc6d6c0032
[NotebookApp | INFO] Starting buffering for eb904fc9-6e59-445c-8a07-b1fc6d6c0032:b2075c7ca8b448518e1abfb6ea9222b3
[NotebookApp | INFO] Kernel restarted: eb904fc9-6e59-445c-8a07-b1fc6d6c0032
[NotebookApp | INFO] Adapting to protocol v5.1 for kernel eb904fc9-6e59-445c-8a07-b1fc6d6c0032
[NotebookApp | INFO] Restoring connection for eb904fc9-6e59-445c-8a07-b1fc6d6c0032:b2075c7ca8b448518e1abfb6ea9222b3
[NotebookApp | INFO] Replaying 3 buffered messages
[NotebookApp | INFO] Saving file at /web-scrape.ipynb
[NotebookApp | INFO] Saving file at /web-scrape.ipynb
[NotebookApp | INFO] Saving file at /web-scrape.ipynb
[NotebookApp | INFO] Saving file at /web-scrape.ipynb
[NotebookApp | INFO] Starting buffering for eb904fc9-6e59-445c-8a07-b1fc6d6c0032:b2075c7ca8b448518e1abfb6ea9222b3
